<?xml version="1.0" encoding="UTF-8"?>
<!-- Generated by org.testng.reporters.JUnitXMLReporter -->
<testsuite ignored="0" hostname="BAVANI" failures="0" tests="4" name="Test" time="23.592" errors="0" timestamp="2024-06-11T12:16:16 IST">
  <testcase classname="testScriptsGroup.DeleteAddress" name="deleteAddress" time="1.522"/>
  <testcase classname="testScriptsGroup.AddAddress" name="addAddress" time="4.516"/>
  <testcase classname="testScriptsGroup.UpdateAddress" name="updateAddress" time="4.777"/>
  <testcase classname="testScriptsGroup.Dummy" name="addAddress" time="6.599"/>
</testsuite> <!-- Test -->
